<?xml version="1.0" encoding="UTF-8"?>
<testsuite name="guru_qa.JavaOnlinerTests" tests="8" skipped="0" failures="0" errors="0" timestamp="2022-06-12T12:43:06" hostname="Anastasias-MacBook-Pro.local" time="12.829">
  <properties/>
  <testcase name="При поиске на вайлдберис по запросу футболка женская в результатах отображаетсяфутболка женская}" classname="guru_qa.JavaOnlinerTests" time="6.226"/>
  <testcase name="При поиске на вайлдберис по запросу платье летнее женское в результатах отображаетсяплатье летнее женское}" classname="guru_qa.JavaOnlinerTests" time="1.311"/>
  <testcase name="При поиске на вайлдберис по запросу футболка женская в результатах отображаетсяфутболка женская}" classname="guru_qa.JavaOnlinerTests" time="0.922"/>
  <testcase name="При поиске на вайлдберис по запросу платье летнее женское в результатах отображаетсяплатье летнее женское}" classname="guru_qa.JavaOnlinerTests" time="0.825"/>
  <testcase name="При поиске в яндексе по запросу футболка женская в результатах отображается текст [футболка]" classname="guru_qa.JavaOnlinerTests" time="0.757"/>
  <testcase name="При поиске в яндексе по запросу платье летнее женское в результатах отображается текст [ платье]" classname="guru_qa.JavaOnlinerTests" time="0.803"/>
  <testcase name="[1] SMARTPHONE" classname="guru_qa.JavaOnlinerTests" time="0.823"/>
  <testcase name="[2] IPHONE" classname="guru_qa.JavaOnlinerTests" time="1.125"/>
  <system-out><![CDATA[]]></system-out>
  <system-err><![CDATA[SLF4J: Failed to load class "org.slf4j.impl.StaticLoggerBinder".
SLF4J: Defaulting to no-operation (NOP) logger implementation
SLF4J: See http://www.slf4j.org/codes.html#StaticLoggerBinder for further details.
Starting ChromeDriver 102.0.5005.61 (0e59bcc00cc4985ce39ad31c150065f159d95ad3-refs/branch-heads/5005@{#819}) on port 61116
Only local connections are allowed.
Please see https://chromedriver.chromium.org/security-considerations for suggestions on keeping ChromeDriver safe.
ChromeDriver was started successfully.
Jun 12, 2022 3:43:09 PM org.openqa.selenium.remote.ProtocolHandshake createSession
INFO: Detected dialect: W3C
Jun 12, 2022 3:43:09 PM org.openqa.selenium.devtools.CdpVersionFinder findNearestMatch
WARNING: Unable to find an exact match for CDP version 102, so returning the closest version found: 101
Jun 12, 2022 3:43:09 PM org.openqa.selenium.devtools.CdpVersionFinder findNearestMatch
INFO: Found CDP implementation for version 102 of 101
]]></system-err>
</testsuite>
